      <!DOCTYPE html>
      <html>
      <head>
      <title>Redirecting...</title>
      <link rel="canonical" href="/jpdoc/test-xml.html"/>
      <meta http-equiv="content-type" content="text/html; charset=utf-8" />
      <meta http-equiv="refresh" content="0; url=/jpdoc/test-xml.html" />
      </head>
      <body>
        <p><strong>Redirecting...</strong></p>
        <p><a href='/jpdoc/test-xml.html'>Click here if you are not redirected.</a></p>
        <script>
          document.location.href = "/jpdoc/test-xml.html";
        </script>
      </body>
      </html>
